<?xml version="1.0" encoding="UTF-8"?>
<!-- Generated by org.testng.reporters.JUnitXMLReporter -->
<testsuite hostname="otaviojava-vostro" name="Default test" tests="8" failures="0" timestamp="12 Jul 2015 20:09:30 GMT" time="0.49" errors="0">
  <testcase name="@BeforeTest setup" time="0.0" classname="org.javamoney.moneta.internal.convert.ecb.ECBCurrentRateProviderTest">
    <failure type="java.util.ServiceConfigurationError" message="javax.money.spi.MonetaryConversionsSingletonSpi: Provider org.javamoney.moneta.internal.convert.DefaultMonetaryConversionsSingletonSpi could not be instantiated">
      <![CDATA[java.util.ServiceConfigurationError: javax.money.spi.MonetaryConversionsSingletonSpi: Provider org.javamoney.moneta.internal.convert.DefaultMonetaryConversionsSingletonSpi could not be instantiated
	at java.util.ServiceLoader.fail(ServiceLoader.java:232)
	at java.util.ServiceLoader.access$100(ServiceLoader.java:185)
	at java.util.ServiceLoader$LazyIterator.nextService(ServiceLoader.java:384)
	at java.util.ServiceLoader$LazyIterator.next(ServiceLoader.java:404)
	at java.util.ServiceLoader$1.next(ServiceLoader.java:480)
	at org.javamoney.moneta.internal.PriorityAwareServiceProvider.loadServices(PriorityAwareServiceProvider.java:98)
	at org.javamoney.moneta.internal.PriorityAwareServiceProvider.getServices(PriorityAwareServiceProvider.java:65)
	at javax.money.spi.Bootstrap.getService(Bootstrap.java:115)
	at javax.money.convert.MonetaryConversions.<clinit>(MonetaryConversions.java:60)
	at org.javamoney.moneta.internal.convert.ecb.ECBCurrentRateProviderTest.setup(ECBCurrentRateProviderTest.java:50)
	at sun.reflect.NativeMethodAccessorImpl.invoke0(Native Method)
	at sun.reflect.NativeMethodAccessorImpl.invoke(NativeMethodAccessorImpl.java:62)
	at sun.reflect.DelegatingMethodAccessorImpl.invoke(DelegatingMethodAccessorImpl.java:43)
	at java.lang.reflect.Method.invoke(Method.java:497)
	at org.testng.internal.MethodInvocationHelper.invokeMethod(MethodInvocationHelper.java:85)
	at org.testng.internal.Invoker.invokeConfigurationMethod(Invoker.java:517)
	at org.testng.internal.Invoker.invokeConfigurations(Invoker.java:213)
	at org.testng.internal.Invoker.invokeConfigurations(Invoker.java:140)
	at org.testng.TestRunner.beforeRun(TestRunner.java:645)
	at org.testng.TestRunner.run(TestRunner.java:613)
	at org.testng.SuiteRunner.runTest(SuiteRunner.java:357)
	at org.testng.SuiteRunner.runSequentially(SuiteRunner.java:352)
	at org.testng.SuiteRunner.privateRun(SuiteRunner.java:310)
	at org.testng.SuiteRunner.run(SuiteRunner.java:259)
	at org.testng.SuiteRunnerWorker.runSuite(SuiteRunnerWorker.java:52)
	at org.testng.SuiteRunnerWorker.run(SuiteRunnerWorker.java:86)
	at org.testng.TestNG.runSuitesSequentially(TestNG.java:1199)
	at org.testng.TestNG.runSuitesLocally(TestNG.java:1124)
	at org.testng.TestNG.run(TestNG.java:1032)
	at org.testng.remote.RemoteTestNG.run(RemoteTestNG.java:111)
	at org.testng.remote.RemoteTestNG.initAndRun(RemoteTestNG.java:204)
	at org.testng.remote.RemoteTestNG.main(RemoteTestNG.java:175)
Caused by: java.util.ServiceConfigurationError: javax.money.convert.ExchangeRateProvider: Provider org.javamoney.moneta.internal.convert.IMFRateProvider could not be instantiated
	at java.util.ServiceLoader.fail(ServiceLoader.java:232)
	at java.util.ServiceLoader.access$100(ServiceLoader.java:185)
	at java.util.ServiceLoader$LazyIterator.nextService(ServiceLoader.java:384)
	at java.util.ServiceLoader$LazyIterator.next(ServiceLoader.java:404)
	at java.util.ServiceLoader$1.next(ServiceLoader.java:480)
	at org.javamoney.moneta.internal.PriorityAwareServiceProvider.loadServices(PriorityAwareServiceProvider.java:98)
	at org.javamoney.moneta.internal.PriorityAwareServiceProvider.getServices(PriorityAwareServiceProvider.java:65)
	at javax.money.spi.Bootstrap.getServices(Bootstrap.java:104)
	at org.javamoney.moneta.internal.convert.DefaultMonetaryConversionsSingletonSpi.reload(DefaultMonetaryConversionsSingletonSpi.java:64)
	at org.javamoney.moneta.internal.convert.DefaultMonetaryConversionsSingletonSpi.<init>(DefaultMonetaryConversionsSingletonSpi.java:56)
	at sun.reflect.NativeConstructorAccessorImpl.newInstance0(Native Method)
	at sun.reflect.NativeConstructorAccessorImpl.newInstance(NativeConstructorAccessorImpl.java:62)
	at sun.reflect.DelegatingConstructorAccessorImpl.newInstance(DelegatingConstructorAccessorImpl.java:45)
	at java.lang.reflect.Constructor.newInstance(Constructor.java:422)
	at java.lang.Class.newInstance(Class.java:442)
	at java.util.ServiceLoader$LazyIterator.nextService(ServiceLoader.java:380)
	... 29 more
Caused by: java.lang.IllegalArgumentException: No such resource: IMFRateProvider
	at org.javamoney.moneta.internal.loader.LoadDataLoaderService.execute(LoadDataLoaderService.java:33)
	at org.javamoney.moneta.internal.loader.DefaultLoaderServiceFacade.loadData(DefaultLoaderServiceFacade.java:28)
	at org.javamoney.moneta.internal.loader.DefaultLoaderService.loadData(DefaultLoaderService.java:237)
	at org.javamoney.moneta.internal.convert.IMFRateProvider.<init>(IMFRateProvider.java:59)
	at sun.reflect.NativeConstructorAccessorImpl.newInstance0(Native Method)
	at sun.reflect.NativeConstructorAccessorImpl.newInstance(NativeConstructorAccessorImpl.java:62)
	at sun.reflect.DelegatingConstructorAccessorImpl.newInstance(DelegatingConstructorAccessorImpl.java:45)
	at java.lang.reflect.Constructor.newInstance(Constructor.java:422)
	at java.lang.Class.newInstance(Class.java:442)
	at java.util.ServiceLoader$LazyIterator.nextService(ServiceLoader.java:380)
	... 42 more
]]>
    </failure>
  </testcase> <!-- @BeforeTest setup -->
  <testcase name="shouldConvertsBrazilianToDollar" time="0.001" classname="org.javamoney.moneta.internal.convert.ecb.ECBCurrentRateProviderTest">
    <skipped/>
  </testcase> <!-- shouldConvertsBrazilianToDollar -->
  <testcase name="shouldConvertsDollarToBrazilian" time="0.001" classname="org.javamoney.moneta.internal.convert.ecb.ECBCurrentRateProviderTest">
    <skipped/>
  </testcase> <!-- shouldConvertsDollarToBrazilian -->
  <testcase name="shouldConvertsDollarToEuro" time="0.001" classname="org.javamoney.moneta.internal.convert.ecb.ECBCurrentRateProviderTest">
    <skipped/>
  </testcase> <!-- shouldConvertsDollarToEuro -->
  <testcase name="shouldConvertsEuroToDollar" time="0.0" classname="org.javamoney.moneta.internal.convert.ecb.ECBCurrentRateProviderTest">
    <skipped/>
  </testcase> <!-- shouldConvertsEuroToDollar -->
  <testcase name="shouldReturnsECBCurrentRateProvider" time="0.0" classname="org.javamoney.moneta.internal.convert.ecb.ECBCurrentRateProviderTest">
    <skipped/>
  </testcase> <!-- shouldReturnsECBCurrentRateProvider -->
  <testcase name="shouldReturnsSameBrazilianValue" time="0.0" classname="org.javamoney.moneta.internal.convert.ecb.ECBCurrentRateProviderTest">
    <skipped/>
  </testcase> <!-- shouldReturnsSameBrazilianValue -->
  <testcase name="shouldReturnsSameDollarValue" time="0.0" classname="org.javamoney.moneta.internal.convert.ecb.ECBCurrentRateProviderTest">
    <skipped/>
  </testcase> <!-- shouldReturnsSameDollarValue -->
  <testcase name="shouldReturnsSameEuroValue" time="0.0" classname="org.javamoney.moneta.internal.convert.ecb.ECBCurrentRateProviderTest">
    <skipped/>
  </testcase> <!-- shouldReturnsSameEuroValue -->
</testsuite> <!-- Default test -->
